app/build/intermediates/manifest_merge_blame_file/release/manifest-merger-blame-release-report.txt
1<?xml version="1.0" encoding="utf-8"?>
2<manifest xmlns:android="http://schemas.android.com/apk/res/android"
3    package="com.example.emergencytime"
4    android:versionCode="1"
5    android:versionName="1.0" >
6
7    <uses-sdk
8        android:minSdkVersion="15"
8-->src\main\AndroidManifest.xml
9        android:targetSdkVersion="29" />
9-->src\main\AndroidManifest.xml
10
11    <uses-permission android:name="android.permission.INTERNET" />
11-->src\main\AndroidManifest.xml:4:5-66
11-->src\main\AndroidManifest.xml:4:22-64
12    <uses-permission android:name="android.permission.ACCESS_NETWORK_STATE" />
12-->src\main\AndroidManifest.xml:5:5-79
12-->src\main\AndroidManifest.xml:5:22-76
13
14    <uses-feature
14-->[com.google.android.gms:play-services-maps:17.0.0] AndroidManifest.xml:26:5-28:35
15        android:glEsVersion="0x00020000"
15-->[com.google.android.gms:play-services-maps:17.0.0] AndroidManifest.xml:27:9-41
16        android:required="true" />
16-->[com.google.android.gms:play-services-maps:17.0.0] AndroidManifest.xml:28:9-32
17
18    <application
18-->src\main\AndroidManifest.xml:8:5-29:19
19        android:allowBackup="true"
19-->src\main\AndroidManifest.xml:9:9-35
20        android:appComponentFactory="androidx.core.app.CoreComponentFactory"
20-->[androidx.core:core:1.1.0] AndroidManifest.xml:24:18-86
21        android:icon="@mipmap/ic_launcher"
21-->src\main\AndroidManifest.xml:10:9-43
22        android:label="@string/app_name"
22-->src\main\AndroidManifest.xml:11:9-41
23        android:roundIcon="@mipmap/ic_launcher_round"
23-->src\main\AndroidManifest.xml:12:9-54
24        android:supportsRtl="true"
24-->src\main\AndroidManifest.xml:13:9-35
25        android:theme="@style/AppTheme" >
25-->src\main\AndroidManifest.xml:14:9-40
26        <activity android:name="com.example.emergencytime.hospitalInfo" />
26-->src\main\AndroidManifest.xml:15:9-50
26-->src\main\AndroidManifest.xml:15:19-47
27        <activity android:name="com.example.emergencytime.RedDeerList" />
27-->src\main\AndroidManifest.xml:16:9-49
27-->src\main\AndroidManifest.xml:16:19-46
28        <activity android:name="com.example.emergencytime.MHatList" />
28-->src\main\AndroidManifest.xml:17:9-46
28-->src\main\AndroidManifest.xml:17:19-43
29        <activity android:name="com.example.emergencytime.LethbridgeList" />
29-->src\main\AndroidManifest.xml:18:9-52
29-->src\main\AndroidManifest.xml:18:19-49
30        <activity android:name="com.example.emergencytime.EdmontonList" />
30-->src\main\AndroidManifest.xml:19:9-50
30-->src\main\AndroidManifest.xml:19:19-47
31        <activity android:name="com.example.emergencytime.CalgaryList" />
31-->src\main\AndroidManifest.xml:20:9-49
31-->src\main\AndroidManifest.xml:20:19-46
32        <activity android:name="com.example.emergencytime.Locations" />
32-->src\main\AndroidManifest.xml:21:9-47
32-->src\main\AndroidManifest.xml:21:19-44
33        <activity android:name="com.example.emergencytime.MainActivity" >
33-->src\main\AndroidManifest.xml:22:9-28:20
33-->src\main\AndroidManifest.xml:22:19-47
34            <intent-filter>
34-->src\main\AndroidManifest.xml:23:13-27:29
35                <action android:name="android.intent.action.MAIN" />
35-->src\main\AndroidManifest.xml:24:17-69
35-->src\main\AndroidManifest.xml:24:25-66
36
37                <category android:name="android.intent.category.LAUNCHER" />
37-->src\main\AndroidManifest.xml:26:17-77
37-->src\main\AndroidManifest.xml:26:27-74
38            </intent-filter>
39        </activity>
40        <!-- Needs to be explicitly declared on P+ -->
41        <uses-library
41-->[com.google.android.gms:play-services-maps:17.0.0] AndroidManifest.xml:33:9-35:40
42            android:name="org.apache.http.legacy"
42-->[com.google.android.gms:play-services-maps:17.0.0] AndroidManifest.xml:34:13-50
43            android:required="false" />
43-->[com.google.android.gms:play-services-maps:17.0.0] AndroidManifest.xml:35:13-37
44
45        <activity
45-->[com.google.android.gms:play-services-base:17.0.0] AndroidManifest.xml:23:9-26:75
46            android:name="com.google.android.gms.common.api.GoogleApiActivity"
46-->[com.google.android.gms:play-services-base:17.0.0] AndroidManifest.xml:24:13-79
47            android:exported="false"
47-->[com.google.android.gms:play-services-base:17.0.0] AndroidManifest.xml:25:13-37
48            android:theme="@android:style/Theme.Translucent.NoTitleBar" />
48-->[com.google.android.gms:play-services-base:17.0.0] AndroidManifest.xml:26:13-72
49
50        <meta-data
50-->[com.google.android.gms:play-services-basement:17.0.0] AndroidManifest.xml:23:9-25:69
51            android:name="com.google.android.gms.version"
51-->[com.google.android.gms:play-services-basement:17.0.0] AndroidManifest.xml:24:13-58
52            android:value="@integer/google_play_services_version" />
52-->[com.google.android.gms:play-services-basement:17.0.0] AndroidManifest.xml:25:13-66
53    </application>
54
55</manifest>